[LOG] System::create                           : Header version = 1.07.06. Current version = 1.07.06.
[LOG] SystemI::init                            : FMOD Studio Version: 00010706 (71893)
[LOG] SystemI::init                            : maxchannels = 256, flags = 00020000, extradriverdata = 0000000000000000
[LOG] SystemI::close                           : 
[LOG] SystemI::close                           : Stop all sounds
[LOG] SystemI::close                           : Remove miscllaneous DSP stuff.
[LOG] SystemI::close                           : done.

<<<<<<< HEAD
[LOG] OutputWASAPI::init                       : Mix Format (WAVEFORMATEX): wFormatTag=0xFFFE, nChannels=6, nSamplesPerSec=48000, nAvgBytesPerSec=1152000, nBlockAlign=24, wBitsPerSample=32, cbSize=22.
[LOG] OutputWASAPI::init                       : Mix Format (WAVEFORMATEXTENSIBLE): wValidBitsPerSample=32, dwChannelMask=0x0000003F, SubFormat=00000003-0000-0010-8000-00AA00389B71.
[LOG] DownMix::init                            : dspbuffersize: 1024  rate: 48000. output speaker mode: 6, input speaker mode 3
[LOG] DownMix::init                            : done.
=======
[LOG] OutputWASAPI::init                       : Mix Format (WAVEFORMATEX): wFormatTag=0xFFFE, nChannels=2, nSamplesPerSec=48000, nAvgBytesPerSec=384000, nBlockAlign=8, wBitsPerSample=32, cbSize=22.
[LOG] OutputWASAPI::init                       : Mix Format (WAVEFORMATEXTENSIBLE): wValidBitsPerSample=32, dwChannelMask=0x00000003, SubFormat=00000003-0000-0010-8000-00AA00389B71.
>>>>>>> origin/master
[LOG] Thread::initThread                       : Initializing FMOD (WASAPI) feeder thread.  priority 0
[LOG] Thread::initThread                       : - Stacksize 0.  Stack pointer 0000000000000000 : usesemaphore = 0 : sleeptime = 0
[LOG] Thread::callback                         : * FMOD (WASAPI) feeder thread started
[LOG] Thread::initThread                       : Initializing FMOD mixer thread.  priority 2
[LOG] OutputWASAPI::feederUpdate               : WASAPI feeder thread set to 'Audio' characteristic
[LOG] Thread::initThread                       : - Stacksize 49152.  Stack pointer 0000000000000000 : usesemaphore = 1 : sleeptime = 0
[LOG] Thread::callback                         : * FMOD mixer thread started
[LOG] SystemI::init                            : Set up emulated output
[LOG] SystemI::init                            : create the channel pool
[LOG] SystemI::init                            : Set up streamer
[LOG] Thread::initThread                       : Initializing FMOD stream thread.  priority 2
[LOG] Thread::initThread                       : - Stacksize 65536.  Stack pointer 0000000000000000 : usesemaphore = 0 : sleeptime = 10
[LOG] Thread::callback                         : * FMOD stream thread started
[LOG] Thread::initThread                       : Initializing FMOD Studio load thread.  priority 0
[LOG] Thread::initThread                       : - Stacksize 65536.  Stack pointer 0000000000000000 : usesemaphore = 0 : sleeptime = 1
[LOG] Thread::callback                         : * FMOD Studio load thread started
[LOG] Manager::readBank                        : fileversion = 68, compatVersion = 68 (oldest = 44, newest = 68)
[LOG] Manager::readBank                        : fileversion = 68, compatVersion = 68 (oldest = 44, newest = 68)
<<<<<<< HEAD
[LOG] SystemI::mixerResume                     : Resuming output.
[LOG] SoundI::release                          : (null) (0000000022C005B8)
[LOG] SoundI::release                          : release subsounds. (0000000022C005B8)
[LOG] SoundI::release                          :     (null) (0000000022C008D8)
[LOG] SoundI::release                          : release codec. (0000000022C005B8)
[LOG] SoundI::release                          : (null) (0000000022C00748)
[LOG] SoundI::release                          : release subsounds. (0000000022C00748)
[LOG] SoundI::release                          :     (null) (0000000022C00A68)
[LOG] SoundI::release                          : release codec. (0000000022C00748)
[LOG] SoundI::release                          : (null) (000000002315BC38)
[LOG] SoundI::release                          : release subsounds. (000000002315BC38)
[LOG] SoundI::release                          :     (null) (0000000019E0E138)
[LOG] SoundI::release                          : release codec. (000000002315BC38)
[LOG] SoundI::release                          : (null) (000000002315C278)
[LOG] SoundI::release                          : release subsounds. (000000002315C278)
[LOG] SoundI::release                          :     (null) (0000000019E0E2C8)
[LOG] SoundI::release                          : release codec. (000000002315C278)
[LOG] SoundI::release                          : (null) (000000002315C408)
[LOG] SoundI::release                          : release subsounds. (000000002315C408)
[LOG] SoundI::release                          :     (null) (0000000019E0E458)
[LOG] SoundI::release                          : release codec. (000000002315C408)
[LOG] SoundI::release                          : (null) (000000002315C0E8)
[LOG] SoundI::release                          : release subsounds. (000000002315C0E8)
[LOG] SoundI::release                          :     (null) (0000000019E0E5E8)
[LOG] SoundI::release                          : release codec. (000000002315C0E8)
[LOG] SoundI::release                          : (null) (000000002315BDC8)
[LOG] SoundI::release                          : release subsounds. (000000002315BDC8)
[LOG] SoundI::release                          :     (null) (0000000019E0E778)
[LOG] SoundI::release                          : release codec. (000000002315BDC8)
[LOG] SoundI::release                          : (null) (000000002315BAA8)
[LOG] SoundI::release                          : release subsounds. (000000002315BAA8)
[LOG] SoundI::release                          :     (null) (0000000019E0DFA8)
[LOG] SoundI::release                          : release codec. (000000002315BAA8)
[LOG] SoundI::release                          : (null) (000000002315BF58)
[LOG] SoundI::release                          : release subsounds. (000000002315BF58)
[LOG] SoundI::release                          :     (null) (000000002315B918)
[LOG] SoundI::release                          : release codec. (000000002315BF58)
[LOG] SoundI::release                          : (null) (0000000019E0E908)
[LOG] SoundI::release                          : release subsounds. (0000000019E0E908)
[LOG] SoundI::release                          :     (null) (0000000019E0EDB8)
[LOG] SoundI::release                          : release codec. (0000000019E0E908)
[LOG] SoundI::release                          : (null) (0000000019E0EC28)
[LOG] SoundI::release                          : release subsounds. (0000000019E0EC28)
[LOG] SoundI::release                          :     (null) (0000000022C00428)
[LOG] SoundI::release                          : release codec. (0000000019E0EC28)
[LOG] SoundI::release                          : (null) (0000000019E0EA98)
[LOG] SoundI::release                          : release subsounds. (0000000019E0EA98)
[LOG] SoundI::release                          :     (null) (0000000022C00298)
[LOG] SoundI::release                          : release codec. (0000000019E0EA98)
[LOG] Thread::callback                         : * FMOD Studio update thread finished
[LOG] Thread::close                            : FMOD Studio update thread thread destroyed
=======
[LOG] Manager::finishLoadBank                  : Bank with guid {6b071475-587d-4e1c-9265-3ddc18c069d0} has already been loaded[LOG] SystemI::createSound                     : filename = Assets\build\Master Bank.bank : mode 0a010202
[LOG] SystemI::createSound                     : FMOD_NONBLOCKING specified.  Putting into queue to be opened asynchronously!
[LOG] OutputSoftware::createSample             : lengthpcm 0, lengthbytes 0, channels 0, format 0, freq 0, mode 00000000
[LOG] Thread::initThread                       : Initializing FMOD nonblocking thread (0).  priority 1
[LOG] Thread::initThread                       : - Stacksize 81920.  Stack pointer 0000000000000000 : usesemaphore = 1 : sleeptime = 0
[LOG] Thread::callback                         : * FMOD nonblocking thread (0) started
[LOG] SystemI::createSound                     : setdata soundi = 0000000033B2EDA8 : node = 0000000033B0CE50
[LOG] SystemI::createSound                     : add node to async list : head = 0000000033B0D0F0.  list count = 0
[LOG] SystemI::createSound                     : filename = Assets\build\Master Bank.bank : mode 0a010202

[LOG] SystemI::createSoundInternal             :     filename = Assets\build\Master Bank.bank : mode 0a010202
ed asynchronously!
[LOG] SystemI::createSoundInternal             :     exinfo->cbsize             = 216
[LOG] OutputSoftware::createSample             :     lengthpcm 0, lengthbytes 0, channels 0, format 0, freq 0, mode 00000000
[LOG] SystemI::createSoundInternal             :     exinfo->length             = 1530528
de = 0000000033B0D2F0
[LOG] SystemI::createSoundInternal             :     exinfo->fileoffset         = 20256
000033B0D0F0.  list count = 0
[LOG] SystemI::createSoundInternal             :     exinfo->numsubsounds       = 1
[LOG] SystemI::createSound                     :     filename = Assets\build\Master Bank.bank : mode 0a010202
[LOG] SystemI::createSoundInternal             :     exinfo->inclusionlist      = 0000000033B0CF58
 to be opened asynchronously!
[LOG] OutputSoftware::createSample             :     lengthpcm 0, lengthbytes 0, channels 0, format 0, freq 0, mode 00000000
[LOG] SystemI::createSound                     :     setdata soundi = 0000000033B0D418 : node = 0000000033B0D5C0
[LOG] SystemI::createSoundInternal             :     exinfo->suggestedsoundtype = 5
[LOG] SystemI::createSound                     :     add node to async list : head = 0000000033B0D0F0.  list count = 1
[LOG] SystemI::createSound                     :     filename = Assets\build\Master Bank.bank : mode 0a010202
[LOG] SystemI::createSoundInternal             :     Format has 1 subsounds.
[LOG] SystemI::createSoundInternal             :     Create as FMOD_CREATESAMPLE
Putting into queue to be opened asynchronously!
[LOG] SystemI::createSoundInternal             :     Multi-sample sound (1 subsounds), create a sample container.
[LOG] OutputSoftware::createSample             :     lengthpcm 0, lengthbytes 0, channels 0, format 0, freq 0, mode 00000000
[LOG] SystemI::createSoundInternal             :     creating subsound 0/1
0033B0F7D8 : node = 0000000033B0F980
[LOG] SystemI::createSound                     :     add node to async list : head = 0000000033B0D0F0.  list count = 2
[LOG] SystemI::createSample                    :     mode 0a010202 length 3949714 samples, lengthbytes 1082560
[LOG] SystemI::createSound                     :     filename = Assets\build\Master Bank.bank : mode 0a010202
[LOG] SystemI::createSample                    :     output = 0000000027A22DF8
  Putting into queue to be opened asynchronously!
[LOG] OutputSoftware::createSample             :     lengthpcm 3949714, lengthbytes 1082560, channels 2, format 2, freq 48000, mode 0a01020a
[LOG] OutputSoftware::createSample             :     lengthpcm 0, lengthbytes 0, channels 0, format 0, freq 0, mode 00000000
[LOG] SystemI::createSound                     :     setdata soundi = 0000000033B0FC38 : node = 0000000033B0FDE0
[LOG] SystemI::createSoundInternal             :     done.  OpenState now = FMOD_OPENSTATE_READY.

[LOG] AsyncThread::threadFunc                  : Finished Asynchronous operation on sound 0000000033B2EDA8
[LOG] SystemI::createSound                     : add node to async list : head = 0000000033B0D0F0.  list count = 3
[LOG] SystemI::createSound                     : filename = Assets\build\Master Bank.bank : mode 0a010202

[LOG] SystemI::createSoundInternal             :     filename = Assets\build\Master Bank.bank : mode 0a010202
[LOG] SystemI::createSound                     :     FMOD_NONBLOCKING specified.  Putting into queue to be opened asynchronously!
[LOG] SystemI::createSoundInternal             :     exinfo->cbsize             = 216
ls 0, format 0, freq 0, mode 00000000
[LOG] SystemI::createSound                     :     setdata soundi = 0000000033B0E6F8 : node = 0000000033B0E8A0
[LOG] SystemI::createSound                     :     add node to async list : head = 0000000033B0D0F0.  list count = 3
[LOG] SystemI::createSoundInternal             :     exinfo->numsubsounds       = 1
[LOG] SystemI::createSound                     :     filename = Assets\build\Master Bank.bank : mode 0a010202
[LOG] SystemI::createSound                     :     FMOD_NONBLOCKING specified.  Putting into queue to be opened asynchronously!
[LOG] OutputSoftware::createSample             :     lengthpcm 0, lengthbytes 0, channels 0, format 0, freq 0, mode 00000000
[LOG] SystemI::createSound                     :     setdata soundi = 0000000033B0E9C8 : node = 0000000033B0EB70
[LOG] SystemI::createSoundInternal             :     exinfo->suggestedsoundtype = 5
[LOG] SystemI::createSound                     :     add node to async list : head = 0000000033B0D0F0.  list count = 4
[LOG] SystemI::createSoundInternal             :     Format has 1 subsounds.
[LOG] SystemI::createSoundInternal             :     Create as FMOD_CREATESAMPLE
[LOG] SystemI::createSoundInternal             :     Multi-sample sound (1 subsounds), create a sample container.
[LOG] SystemI::createSoundInternal             :     creating subsound 0/1
[LOG] SystemI::createSample                    :     mode 0a010202 length 246857 samples, lengthbytes 60512
[LOG] SystemI::createSample                    :     channels = 2
[LOG] SystemI::createSample                    :     output = 0000000027A22DF8
[LOG] OutputSoftware::createSample             :     lengthpcm 246857, lengthbytes 60512, channels 2, format 2, freq 48000, mode 0a01020a
[LOG] SystemI::createSoundInternal             :     done.  OpenState now = FMOD_OPENSTATE_READY.

[LOG] AsyncThread::threadFunc                  : Finished Asynchronous operation on sound 0000000033B0D148
[LOG] AsyncThread::threadFunc                  : Starting Asynchronous operation on sound 0000000033B0D418
[LOG] SystemI::createSoundInternal             :     filename = Assets\build\Master Bank.bank : mode 0a010202
[LOG] SystemI::createSoundInternal             :     exinfo->cbsize             = 216
[LOG] SystemI::createSoundInternal             :     exinfo->length             = 1530528
[LOG] SystemI::createSoundInternal             :     exinfo->fileoffset         = 20256
[LOG] SystemI::createSoundInternal             :     exinfo->numsubsounds       = 1
[LOG] SystemI::createSoundInternal             :     exinfo->inclusionlist      = 0000000033B0D6C8
[LOG] SystemI::createSoundInternal             :     exinfo->inclusionlistnum   = 1
[LOG] SystemI::createSoundInternal             :     exinfo->suggestedsoundtype = 5
[LOG] SystemI::createSoundInternal             :     exinfo->initialseekpostype = 1
[LOG] SystemI::createSoundInternal             :     Format has 1 subsounds.
[LOG] SystemI::createSoundInternal             :     Create as FMOD_CREATESAMPLE
[LOG] SystemI::createSoundInternal             :     Multi-sample sound (1 subsounds), create a sample container.
[LOG] SystemI::createSoundInternal             :     creating subsound 0/1
[LOG] SystemI::createSample                    :     mode 0a010202 length 925714 samples, lengthbytes 270368
[LOG] SystemI::createSample                    :     channels = 2
[LOG] SystemI::createSample                    :     output = 0000000027A22DF8
[LOG] OutputSoftware::createSample             :     lengthpcm 925714, lengthbytes 270368, channels 2, format 2, freq 48000, mode 0a01020a
[LOG] SystemI::createSoundInternal             :     done.  OpenState now = FMOD_OPENSTATE_READY.

[LOG] AsyncThread::threadFunc                  : Finished Asynchronous operation on sound 0000000033B0D418
[LOG] AsyncThread::threadFunc                  : Starting Asynchronous operation on sound 0000000033B0F7D8
[LOG] SystemI::createSoundInternal             :     filename = Assets\build\Master Bank.bank : mode 0a010202
[LOG] SystemI::createSoundInternal             :     exinfo->cbsize             = 216
[LOG] SystemI::createSoundInternal             :     exinfo->length             = 1530528
[LOG] SystemI::createSoundInternal             :     exinfo->fileoffset         = 20256
[LOG] SystemI::createSoundInternal             :     exinfo->numsubsounds       = 1
[LOG] SystemI::createSoundInternal             :     exinfo->inclusionlist      = 0000000033B0FA88
[LOG] SystemI::createSoundInternal             :     exinfo->inclusionlistnum   = 1
[LOG] SystemI::createSoundInternal             :     exinfo->suggestedsoundtype = 5
[LOG] SystemI::createSoundInternal             :     exinfo->initialseekpostype = 1
[LOG] SystemI::createSoundInternal             :     Format has 1 subsounds.
[LOG] SystemI::createSoundInternal             :     Create as FMOD_CREATESAMPLE
[LOG] SystemI::createSoundInternal             :     Multi-sample sound (1 subsounds), create a sample container.
[LOG] SystemI::createSoundInternal             :     creating subsound 0/1
[LOG] SystemI::createSample                    :     mode 0a010202 length 61714 samples, lengthbytes 18912
[LOG] SystemI::createSample                    :     channels = 2
[LOG] SystemI::createSample                    :     output = 0000000027A22DF8
[LOG] OutputSoftware::createSample             :     lengthpcm 61714, lengthbytes 18912, channels 2, format 2, freq 48000, mode 0a01020a
[LOG] SystemI::createSoundInternal             :     done.  OpenState now = FMOD_OPENSTATE_READY.

[LOG] AsyncThread::threadFunc                  : Finished Asynchronous operation on sound 0000000033B0F7D8
[LOG] AsyncThread::threadFunc                  : Starting Asynchronous operation on sound 0000000033B0FC38
[LOG] SystemI::createSoundInternal             :     filename = Assets\build\Master Bank.bank : mode 0a010202
[LOG] SystemI::createSoundInternal             :     exinfo->cbsize             = 216
[LOG] SystemI::createSoundInternal             :     exinfo->length             = 1530528
[LOG] SystemI::createSoundInternal             :     exinfo->fileoffset         = 20256
[LOG] SystemI::createSoundInternal             :     exinfo->numsubsounds       = 1
[LOG] SystemI::createSoundInternal             :     exinfo->inclusionlist      = 0000000033B0FEE8
[LOG] SystemI::createSoundInternal             :     exinfo->inclusionlistnum   = 1
[LOG] SystemI::createSoundInternal             :     exinfo->suggestedsoundtype = 5
[LOG] SystemI::createSoundInternal             :     exinfo->initialseekpostype = 1
[LOG] SystemI::createSoundInternal             :     Format has 1 subsounds.
[LOG] SystemI::createSoundInternal             :     Create as FMOD_CREATESAMPLE
[LOG] SystemI::createSoundInternal             :     Multi-sample sound (1 subsounds), create a sample container.
[LOG] SystemI::createSoundInternal             :     creating subsound 0/1
[LOG] SystemI::createSample                    :     mode 0a010202 length 123428 samples, lengthbytes 21952
[LOG] SystemI::createSample                    :     channels = 2
[LOG] SystemI::createSample                    :     output = 0000000027A22DF8
[LOG] OutputSoftware::createSample             :     lengthpcm 123428, lengthbytes 21952, channels 2, format 2, freq 48000, mode 0a01020a
[LOG] SystemI::createSoundInternal             :     done.  OpenState now = FMOD_OPENSTATE_READY.

[LOG] AsyncThread::threadFunc                  : Finished Asynchronous operation on sound 0000000033B0FC38
[LOG] AsyncThread::threadFunc                  : Starting Asynchronous operation on sound 0000000033B0E6F8
[LOG] SystemI::createSoundInternal             :     filename = Assets\build\Master Bank.bank : mode 0a010202
[LOG] SystemI::createSoundInternal             :     exinfo->cbsize             = 216
[LOG] SystemI::createSoundInternal             :     exinfo->length             = 1530528
[LOG] SystemI::createSoundInternal             :     exinfo->fileoffset         = 20256
[LOG] SystemI::createSoundInternal             :     exinfo->numsubsounds       = 1
[LOG] SystemI::createSoundInternal             :     exinfo->inclusionlist      = 0000000033B0E9A8
[LOG] SystemI::createSoundInternal             :     exinfo->inclusionlistnum   = 1
[LOG] SystemI::createSoundInternal             :     exinfo->suggestedsoundtype = 5
[LOG] SystemI::createSoundInternal             :     exinfo->initialseekpostype = 1
[LOG] SystemI::createSoundInternal             :     Format has 1 subsounds.
[LOG] SystemI::createSoundInternal             :     Create as FMOD_CREATESAMPLE
[LOG] SystemI::createSoundInternal             :     Multi-sample sound (1 subsounds), create a sample container.
[LOG] SystemI::createSoundInternal             :     creating subsound 0/1
[LOG] SystemI::createSample                    :     mode 0a010202 length 123428 samples, lengthbytes 35616
[LOG] SystemI::createSample                    :     channels = 2
[LOG] SystemI::createSample                    :     output = 0000000027A22DF8
[LOG] OutputSoftware::createSample             :     lengthpcm 123428, lengthbytes 35616, channels 2, format 2, freq 48000, mode 0a01020a
[LOG] SystemI::createSoundInternal             :     done.  OpenState now = FMOD_OPENSTATE_READY.

[LOG] AsyncThread::threadFunc                  : Finished Asynchronous operation on sound 0000000033B0E6F8
[LOG] AsyncThread::threadFunc                  : Starting Asynchronous operation on sound 0000000033B0E9C8
[LOG] SystemI::createSoundInternal             :     filename = Assets\build\Master Bank.bank : mode 0a010202
[LOG] SystemI::createSoundInternal             :     exinfo->cbsize             = 216
[LOG] SystemI::createSoundInternal             :     exinfo->length             = 1530528
[LOG] SystemI::createSoundInternal             :     exinfo->fileoffset         = 20256
[LOG] SystemI::createSoundInternal             :     exinfo->numsubsounds       = 1
[LOG] SystemI::createSoundInternal             :     exinfo->inclusionlist      = 0000000033B0EC78
[LOG] SystemI::createSoundInternal             :     exinfo->inclusionlistnum   = 1
[LOG] SystemI::createSoundInternal             :     exinfo->suggestedsoundtype = 5
[LOG] SystemI::createSoundInternal             :     exinfo->initialseekpostype = 1
[LOG] SystemI::createSoundInternal             :     Format has 1 subsounds.
[LOG] SystemI::createSoundInternal             :     Create as FMOD_CREATESAMPLE
[LOG] SystemI::createSoundInternal             :     Multi-sample sound (1 subsounds), create a sample container.
[LOG] SystemI::createSoundInternal             :     creating subsound 0/1
[LOG] SystemI::createSample                    :     mode 0a010202 length 123428 samples, lengthbytes 38944
[LOG] SystemI::createSample                    :     channels = 2
[LOG] SystemI::createSample                    :     output = 0000000027A22DF8
[LOG] OutputSoftware::createSample             :     lengthpcm 123428, lengthbytes 38944, channels 2, format 2, freq 48000, mode 0a01020a
[LOG] SystemI::createSoundInternal             :     done.  OpenState now = FMOD_OPENSTATE_READY.

[LOG] AsyncThread::threadFunc                  : Finished Asynchronous operation on sound 0000000033B0E9C8
[LOG] SoundI::release                          : (null) (0000000033B2EDA8)
[LOG] SoundI::release                          : release subsounds. (0000000033B2EDA8)
[LOG] SoundI::release                          :     (null) (0000000033B0FAA8)
[LOG] SoundI::release                          : release codec. (0000000033B2EDA8)
[LOG] SoundI::release                          : (null) (0000000033B0D418)
[LOG] SoundI::release                          : release subsounds. (0000000033B0D418)
[LOG] SoundI::release                          :     (null) (00000000278936F8)
[LOG] SoundI::release                          : release codec. (0000000033B0D418)
[LOG] SoundI::release                          : (null) (0000000033B0F7D8)
[LOG] SoundI::release                          : release subsounds. (0000000033B0F7D8)
[LOG] SoundI::release                          :     (null) (0000000027893AC8)
[LOG] SoundI::release                          : release codec. (0000000033B0F7D8)
[LOG] SoundI::release                          : (null) (0000000033B0FC38)
[LOG] SoundI::release                          : release subsounds. (0000000033B0FC38)
[LOG] SoundI::release                          :     (null) (0000000027893E98)
[LOG] SoundI::release                          : release codec. (0000000033B0FC38)
[LOG] SoundI::release                          : (null) (0000000033B0E6F8)
[LOG] SoundI::release                          : release subsounds. (0000000033B0E6F8)
[LOG] SoundI::release                          :     (null) (000000001FBCEB78)
[LOG] SoundI::release                          : release codec. (0000000033B0E6F8)
[LOG] SoundI::release                          : (null) (0000000033B0E9C8)
[LOG] SoundI::release                          : release subsounds. (0000000033B0E9C8)
[LOG] SoundI::release                          :     (null) (000000002792CD38)
[LOG] SoundI::release                          : release codec. (0000000033B0E9C8)
[LOG] SoundI::release                          : (null) (0000000033B0D148)
[LOG] SoundI::release                          : release subsounds. (0000000033B0D148)
[LOG] SoundI::release                          :     (null) (0000000027893328)
[LOG] SoundI::release                          : release codec. (0000000033B0D148)
>>>>>>> origin/master
[LOG] Thread::callback                         : * FMOD Studio load thread finished
[LOG] Thread::close                            : FMOD Studio load thread thread destroyed
[LOG] Profile::disconnectAll                   : Profiler disconnecting all clients
[LOG] LiveUpdate::release                      : 
[LOG] SystemI::close                           : 
[LOG] SystemI::close                           : Stop all sounds
[LOG] Thread::callback                         : * FMOD stream thread finished
[LOG] Thread::close                            : FMOD stream thread thread destroyed
[LOG] SystemI::close                           : Stream thread destroyed
[LOG] SystemI::close                           : Shut down output.
[LOG] Thread::callback                         : * FMOD (WASAPI) feeder thread finished
[LOG] Thread::close                            : FMOD (WASAPI) feeder thread thread destroyed
[LOG] Thread::callback                         : * FMOD mixer thread finished
[LOG] Thread::close                            : FMOD mixer thread thread destroyed
[LOG] SystemI::close                           : Free master channel group.
[LOG] SystemI::close                           : Remove 'master' sound group.
[LOG] SystemI::close                           : Free software output.
[LOG] SystemI::close                           : Free emulated output.
[LOG] SystemI::close                           : Free channel pool.
[LOG] SystemI::close                           : Remove miscllaneous DSP stuff.
<<<<<<< HEAD
=======
[LOG] Global::decRef                           : Shut down streamer and FMOD_NONBLOCKING and FileSystem thread.
[LOG] Thread::callback                         : * FMOD nonblocking thread (0) finished
[LOG] Thread::close                            : FMOD nonblocking thread (0) thread destroyed
[LOG] Global::decRef                           : Shut down file system.
>>>>>>> origin/master
[LOG] SystemI::close                           : done.

[LOG] Manager::readBank                        : fileversion = 68, compatVersion = 68 (oldest = 44, newest = 68)
[LOG] Manager::readBank                        : fileversion = 68, compatVersion = 68 (oldest = 44, newest = 68)
